<?xml version="1.0" encoding="UTF-8"?>
<testsuite name="agh.ii.prinjava.lab00.lst00_01.CalcTest" tests="1" skipped="0" failures="0" errors="0" timestamp="2023-02-13T17:31:44" hostname="DESKTOP-EVO16D3" time="0.018">
  <properties/>
  <testcase name="onePlusTwoIsThree()" classname="agh.ii.prinjava.lab00.lst00_01.CalcTest" time="0.018"/>
  <system-out><![CDATA[CalcTest.SetUp...
CalcTest.TearDown...
]]></system-out>
  <system-err><![CDATA[]]></system-err>
</testsuite>
